[0428/153559:ERROR:process_info.cc(608)] range at 0xfffde000, size 0x230 fully unreadable
[0428/153559:ERROR:process_reader_win.cc(141)] SuspendThread: 存取被拒。 (0x5)
[0428/153559:ERROR:exception_snapshot_win.cc(56)] thread ID 5780 not found in process
[0428/153559:WARNING:crash_report_exception_handler.cc(60)] ProcessSnapshotWin::InitializeException failed
[0428/153559:ERROR:scoped_process_suspend.cc(38)] NtResumeProcess, ntstatus=-1073741558
[0610/123042:ERROR:process_info.cc(608)] range at 0xfffde000, size 0x230 fully unreadable
[0610/123043:ERROR:process_info.cc(608)] range at 0xfffdd000, size 0xf84 fully unreadable
[0610/123043:ERROR:process_info.cc(608)] range at 0xfffda000, size 0xf84 fully unreadable
[0610/123043:ERROR:process_info.cc(608)] range at 0xfffd7000, size 0xf84 fully unreadable
[0610/123043:ERROR:process_info.cc(608)] range at 0xfff9f000, size 0xf84 fully unreadable
[0610/123043:ERROR:process_info.cc(608)] range at 0xfff9c000, size 0xf84 fully unreadable
[0610/123043:ERROR:process_info.cc(608)] range at 0xfff99000, size 0xf84 fully unreadable
[0610/123043:ERROR:process_info.cc(608)] range at 0xfff96000, size 0xf84 fully unreadable
[0610/123043:ERROR:process_info.cc(608)] range at 0xfff93000, size 0xf84 fully unreadable
[0610/123043:ERROR:process_info.cc(608)] range at 0xfff90000, size 0xf84 fully unreadable
[0610/123043:ERROR:process_reader_win.cc(232)] ReadMemory at 0x345000 of 45056 bytes failed: 僅完成部分的 ReadProcessMemory 或 WriteProcessMemory 要求。 (0x12B)
[0610/123043:ERROR:crash_report_exception_handler.cc(102)] WriteEverything failed
[0610/123043:ERROR:scoped_process_suspend.cc(38)] NtResumeProcess, ntstatus=-1073741558
[0615/120016:ERROR:process_info.cc(608)] range at 0xfffde000, size 0x230 fully unreadable
[0615/120016:ERROR:process_reader_win.cc(172)] ResumeThread: 操作順利完成。 (0x0)
[0615/120016:ERROR:process_reader_win.cc(141)] SuspendThread: 存取被拒。 (0x5)
[0615/120016:ERROR:process_reader_win.cc(141)] SuspendThread: 存取被拒。 (0x5)
[0615/120016:ERROR:process_reader_win.cc(141)] SuspendThread: 存取被拒。 (0x5)
[0615/120016:ERROR:process_reader_win.cc(141)] SuspendThread: 存取被拒。 (0x5)
[0615/120016:ERROR:process_reader_win.cc(141)] SuspendThread: 存取被拒。 (0x5)
[0615/120016:ERROR:process_reader_win.cc(113)] NtOpenThread: 指定不正確的用戶端識別碼。  (0xc000000b)
[0615/120016:ERROR:process_reader_win.cc(141)] SuspendThread: 存取被拒。 (0x5)
[0615/120016:ERROR:process_info.cc(608)] range at 0xfffdd000, size 0xf84 fully unreadable
[0615/120016:ERROR:process_info.cc(608)] range at 0xfffda000, size 0xf84 fully unreadable
[0615/120016:ERROR:process_info.cc(608)] range at 0xfffd7000, size 0xf84 fully unreadable
[0615/120016:ERROR:scoped_process_suspend.cc(38)] NtResumeProcess, ntstatus=-1073741558
